# JRE version: OpenJDK Runtime Environment (8.0_242-b01) (build 1.8.0_242-release-1644-b01)
# Java VM: OpenJDK 64-Bit Server VM (25.242-b01 mixed mode windows-amd64 compressed oops)
Heap:
 PSYoungGen      total 425984K, used 360441K [0x00000000e0000000, 0x0000000100000000, 0x0000000100000000)
  eden space 372224K, 96% used [0x00000000e0000000,0x00000000f5ffe798,0x00000000f6b80000)
  from space 53760K, 0% used [0x00000000f6b80000,0x00000000f6b80000,0x00000000fa000000)
  to   space 59392K, 0% used [0x00000000fc600000,0x00000000fc600000,0x0000000100000000)
 ParOldGen       total 264192K, used 66648K [0x00000000a0000000, 0x00000000b0200000, 0x00000000e0000000)
  object space 264192K, 25% used [0x00000000a0000000,0x00000000a41161e8,0x00000000b0200000)
 Metaspace       used 94220K, capacity 98586K, committed 98944K, reserved 1134592K
  class space    used 11973K, capacity 12846K, committed 12928K, reserved 1048576K
GC Heap History (10 events):
Event: 183.957 GC heap before
{Heap before GC invocations=25 (full 3):
 PSYoungGen      total 303616K, used 303592K [0x00000000e0000000, 0x00000000f7c80000, 0x0000000100000000)
  eden space 278016K, 100% used [0x00000000e0000000,0x00000000f0f80000,0x00000000f0f80000)
  from space 25600K, 99% used [0x00000000f0f80000,0x00000000f287a218,0x00000000f2880000)
  to   space 30208K, 0% used [0x00000000f5f00000,0x00000000f5f00000,0x00000000f7c80000)
 ParOldGen       total 173056K, used 32049K [0x00000000a0000000, 0x00000000aa900000, 0x00000000e0000000)
  object space 173056K, 18% used [0x00000000a0000000,0x00000000a1f4c5d8,0x00000000aa900000)
 Metaspace       used 78597K, capacity 82222K, committed 82560K, reserved 1120256K
  class space    used 10302K, capacity 11000K, committed 11136K, reserved 1048576K
Event: 184.005 GC heap after
Heap after GC invocations=25 (full 3):
 PSYoungGen      total 355328K, used 28233K [0x00000000e0000000, 0x00000000f8b00000, 0x0000000100000000)
  eden space 325120K, 0% used [0x00000000e0000000,0x00000000e0000000,0x00000000f3d80000)
  from space 30208K, 93% used [0x00000000f5f00000,0x00000000f7a92670,0x00000000f7c80000)
  to   space 34304K, 0% used [0x00000000f3d80000,0x00000000f3d80000,0x00000000f5f00000)
 ParOldGen       total 173056K, used 32121K [0x00000000a0000000, 0x00000000aa900000, 0x00000000e0000000)
  object space 173056K, 18% used [0x00000000a0000000,0x00000000a1f5e5e8,0x00000000aa900000)
 Metaspace       used 78597K, capacity 82222K, committed 82560K, reserved 1120256K
  class space    used 10302K, capacity 11000K, committed 11136K, reserved 1048576K
}
Event: 195.646 GC heap before
{Heap before GC invocations=26 (full 3):
 PSYoungGen      total 355328K, used 353353K [0x00000000e0000000, 0x00000000f8b00000, 0x0000000100000000)
  eden space 325120K, 100% used [0x00000000e0000000,0x00000000f3d80000,0x00000000f3d80000)
  from space 30208K, 93% used [0x00000000f5f00000,0x00000000f7a92670,0x00000000f7c80000)
  to   space 34304K, 0% used [0x00000000f3d80000,0x00000000f3d80000,0x00000000f5f00000)
 ParOldGen       total 173056K, used 32121K [0x00000000a0000000, 0x00000000aa900000, 0x00000000e0000000)
  object space 173056K, 18% used [0x00000000a0000000,0x00000000a1f5e5e8,0x00000000aa900000)
 Metaspace       used 81984K, capacity 85714K, committed 86016K, reserved 1124352K
  class space    used 10693K, capacity 11412K, committed 11520K, reserved 1048576K
Event: 195.708 GC heap after
Heap after GC invocations=26 (full 3):
 PSYoungGen      total 359424K, used 34202K [0x00000000e0000000, 0x00000000fc680000, 0x0000000100000000)
  eden space 325120K, 0% used [0x00000000e0000000,0x00000000e0000000,0x00000000f3d80000)
  from space 34304K, 99% used [0x00000000f3d80000,0x00000000f5ee6988,0x00000000f5f00000)
  to   space 39424K, 0% used [0x00000000fa000000,0x00000000fa000000,0x00000000fc680000)
 ParOldGen       total 173056K, used 32129K [0x00000000a0000000, 0x00000000aa900000, 0x00000000e0000000)
  object space 173056K, 18% used [0x00000000a0000000,0x00000000a1f605e8,0x00000000aa900000)
 Metaspace       used 81984K, capacity 85714K, committed 86016K, reserved 1124352K
  class space    used 10693K, capacity 11412K, committed 11520K, reserved 1048576K
}
Event: 214.587 GC heap before
{Heap before GC invocations=27 (full 3):
 PSYoungGen      total 359424K, used 359322K [0x00000000e0000000, 0x00000000fc680000, 0x0000000100000000)
  eden space 325120K, 100% used [0x00000000e0000000,0x00000000f3d80000,0x00000000f3d80000)
  from space 34304K, 99% used [0x00000000f3d80000,0x00000000f5ee6988,0x00000000f5f00000)
  to   space 39424K, 0% used [0x00000000fa000000,0x00000000fa000000,0x00000000fc680000)
 ParOldGen       total 173056K, used 32129K [0x00000000a0000000, 0x00000000aa900000, 0x00000000e0000000)
  object space 173056K, 18% used [0x00000000a0000000,0x00000000a1f605e8,0x00000000aa900000)
 Metaspace       used 88626K, capacity 92868K, committed 93184K, reserved 1130496K
  class space    used 11366K, capacity 12207K, committed 12288K, reserved 1048576K
Event: 214.654 GC heap after
Heap after GC invocations=27 (full 3):
 PSYoungGen      total 411648K, used 39404K [0x00000000e0000000, 0x00000000fdc00000, 0x0000000100000000)
  eden space 372224K, 0% used [0x00000000e0000000,0x00000000e0000000,0x00000000f6b80000)
  from space 39424K, 99% used [0x00000000fa000000,0x00000000fc67b280,0x00000000fc680000)
  to   space 53760K, 0% used [0x00000000f6b80000,0x00000000f6b80000,0x00000000fa000000)
 ParOldGen       total 173056K, used 53984K [0x00000000a0000000, 0x00000000aa900000, 0x00000000e0000000)
  object space 173056K, 31% used [0x00000000a0000000,0x00000000a34b81b0,0x00000000aa900000)
 Metaspace       used 88626K, capacity 92868K, committed 93184K, reserved 1130496K
  class space    used 11366K, capacity 12207K, committed 12288K, reserved 1048576K
}
Event: 226.868 GC heap before
{Heap before GC invocations=28 (full 3):
 PSYoungGen      total 411648K, used 353263K [0x00000000e0000000, 0x00000000fdc00000, 0x0000000100000000)
  eden space 372224K, 84% used [0x00000000e0000000,0x00000000f3280d40,0x00000000f6b80000)
  from space 39424K, 99% used [0x00000000fa000000,0x00000000fc67b280,0x00000000fc680000)
  to   space 53760K, 0% used [0x00000000f6b80000,0x00000000f6b80000,0x00000000fa000000)
 ParOldGen       total 173056K, used 53984K [0x00000000a0000000, 0x00000000aa900000, 0x00000000e0000000)
  object space 173056K, 31% used [0x00000000a0000000,0x00000000a34b81b0,0x00000000aa900000)
 Metaspace       used 93718K, capacity 98244K, committed 98348K, reserved 1134592K
  class space    used 11935K, capacity 12843K, committed 12928K, reserved 1048576K
Event: 226.949 GC heap after
Heap after GC invocations=28 (full 3):
 PSYoungGen      total 425984K, used 44527K [0x00000000e0000000, 0x0000000100000000, 0x0000000100000000)
  eden space 372224K, 0% used [0x00000000e0000000,0x00000000e0000000,0x00000000f6b80000)
  from space 53760K, 82% used [0x00000000f6b80000,0x00000000f96fbd80,0x00000000fa000000)
  to   space 59392K, 0% used [0x00000000fc600000,0x00000000fc600000,0x0000000100000000)
 ParOldGen       total 173056K, used 54000K [0x00000000a0000000, 0x00000000aa900000, 0x00000000e0000000)
  object space 173056K, 31% used [0x00000000a0000000,0x00000000a34bc1b0,0x00000000aa900000)
 Metaspace       used 93718K, capacity 98244K, committed 98348K, reserved 1134592K
  class space    used 11935K, capacity 12843K, committed 12928K, reserved 1048576K
}
Event: 226.949 GC heap before
{Heap before GC invocations=29 (full 4):
 PSYoungGen      total 425984K, used 44527K [0x00000000e0000000, 0x0000000100000000, 0x0000000100000000)
  eden space 372224K, 0% used [0x00000000e0000000,0x00000000e0000000,0x00000000f6b80000)
  from space 53760K, 82% used [0x00000000f6b80000,0x00000000f96fbd80,0x00000000fa000000)
  to   space 59392K, 0% used [0x00000000fc600000,0x00000000fc600000,0x0000000100000000)
 ParOldGen       total 173056K, used 54000K [0x00000000a0000000, 0x00000000aa900000, 0x00000000e0000000)
  object space 173056K, 31% used [0x00000000a0000000,0x00000000a34bc1b0,0x00000000aa900000)
 Metaspace       used 93718K, capacity 98244K, committed 98348K, reserved 1134592K
  class space    used 11935K, capacity 12843K, committed 12928K, reserved 1048576K
Event: 227.291 GC heap after
Heap after GC invocations=29 (full 4):
 PSYoungGen      total 425984K, used 0K [0x00000000e0000000, 0x0000000100000000, 0x0000000100000000)
  eden space 372224K, 0% used [0x00000000e0000000,0x00000000e0000000,0x00000000f6b80000)
  from space 53760K, 0% used [0x00000000f6b80000,0x00000000f6b80000,0x00000000fa000000)
  to   space 59392K, 0% used [0x00000000fc600000,0x00000000fc600000,0x0000000100000000)
 ParOldGen       total 264192K, used 66648K [0x00000000a0000000, 0x00000000b0200000, 0x00000000e0000000)
  object space 264192K, 25% used [0x00000000a0000000,0x00000000a41161e8,0x00000000b0200000)
 Metaspace       used 93588K, capacity 97864K, committed 98348K, reserved 1134592K
  class space    used 11893K, capacity 12769K, committed 12928K, reserved 1048576K
}

